<?xml version="1.0" encoding="utf-8"?>
<coverage line-rate="0.9666" branch-rate="0.9666" version="1.9" timestamp="1687733948" lines-covered="29" lines-valid="30" branches-covered="29" branches-valid="30">
  <sources>
    <source>/home/ubuntu/projects/OmSTU-AMCS-SummerPractice2023/</source>
  </sources>
  <packages>
    <package name="SquareEquationLib" line-rate="1" branch-rate="1" complexity="26">
      <classes>
        <class name="SquareEquationLib.SquareEquation" filename="SquareEquationLib/SquareEquation.cs" line-rate="1" branch-rate="1" complexity="26">
          <methods>
            <method name="Solve" signature="(System.Double,System.Double,System.Double)" line-rate="1" branch-rate="1" complexity="26">
              <lines>
                <line number="8" hits="16" branch="False" />
                <line number="9" hits="16" branch="False" />
                <line number="10" hits="16" branch="True" condition-coverage="100% (8/8)">
                  <conditions>
                    <condition number="32" type="jump" coverage="100%" />
                    <condition number="40" type="jump" coverage="100%" />
                    <condition number="48" type="jump" coverage="100%" />
                    <condition number="61" type="jump" coverage="100%" />
                  </conditions>
                </line>
                <line number="11" hits="4" branch="False" />
                <line number="12" hits="12" branch="True" condition-coverage="100% (6/6)">
                  <conditions>
                    <condition number="75" type="jump" coverage="100%" />
                    <condition number="83" type="jump" coverage="100%" />
                    <condition number="98" type="jump" coverage="100%" />
                  </conditions>
                </line>
                <line number="13" hits="3" branch="False" />
                <line number="14" hits="9" branch="True" condition-coverage="100% (6/6)">
                  <conditions>
                    <condition number="112" type="jump" coverage="100%" />
                    <condition number="120" type="jump" coverage="100%" />
                    <condition number="135" type="jump" coverage="100%" />
                  </conditions>
                </line>
                <line number="15" hits="3" branch="False" />
                <line number="16" hits="6" branch="False" />
                <line number="17" hits="6" branch="False" />
                <line number="18" hits="6" branch="True" condition-coverage="100% (4/4)">
                  <conditions>
                    <condition number="171" type="jump" coverage="100%" />
                    <condition number="184" type="jump" coverage="100%" />
                  </conditions>
                </line>
                <line number="19" hits="1" branch="False" />
                <line number="20" hits="1" branch="False" />
                <line number="21" hits="1" branch="False" />
                <line number="22" hits="1" branch="False" />
                <line number="23" hits="6" branch="True" condition-coverage="100% (2/2)">
                  <conditions>
                    <condition number="223" type="jump" coverage="100%" />
                  </conditions>
                </line>
                <line number="24" hits="3" branch="False" />
                <line number="25" hits="3" branch="False" />
                <line number="26" hits="3" branch="False" />
                <line number="27" hits="3" branch="False" />
                <line number="28" hits="3" branch="False" />
                <line number="29" hits="6" branch="False" />
                <line number="30" hits="6" branch="False" />
              </lines>
            </method>
          </methods>
          <lines>
            <line number="8" hits="16" branch="False" />
            <line number="9" hits="16" branch="False" />
            <line number="10" hits="16" branch="True" condition-coverage="100% (8/8)">
              <conditions>
                <condition number="32" type="jump" coverage="100%" />
                <condition number="40" type="jump" coverage="100%" />
                <condition number="48" type="jump" coverage="100%" />
                <condition number="61" type="jump" coverage="100%" />
              </conditions>
            </line>
            <line number="11" hits="4" branch="False" />
            <line number="12" hits="12" branch="True" condition-coverage="100% (6/6)">
              <conditions>
                <condition number="75" type="jump" coverage="100%" />
                <condition number="83" type="jump" coverage="100%" />
                <condition number="98" type="jump" coverage="100%" />
              </conditions>
            </line>
            <line number="13" hits="3" branch="False" />
            <line number="14" hits="9" branch="True" condition-coverage="100% (6/6)">
              <conditions>
                <condition number="112" type="jump" coverage="100%" />
                <condition number="120" type="jump" coverage="100%" />
                <condition number="135" type="jump" coverage="100%" />
              </conditions>
            </line>
            <line number="15" hits="3" branch="False" />
            <line number="16" hits="6" branch="False" />
            <line number="17" hits="6" branch="False" />
            <line number="18" hits="6" branch="True" condition-coverage="100% (4/4)">
              <conditions>
                <condition number="171" type="jump" coverage="100%" />
                <condition number="184" type="jump" coverage="100%" />
              </conditions>
            </line>
            <line number="19" hits="1" branch="False" />
            <line number="20" hits="1" branch="False" />
            <line number="21" hits="1" branch="False" />
            <line number="22" hits="1" branch="False" />
            <line number="23" hits="6" branch="True" condition-coverage="100% (2/2)">
              <conditions>
                <condition number="223" type="jump" coverage="100%" />
              </conditions>
            </line>
            <line number="24" hits="3" branch="False" />
            <line number="25" hits="3" branch="False" />
            <line number="26" hits="3" branch="False" />
            <line number="27" hits="3" branch="False" />
            <line number="28" hits="3" branch="False" />
            <line number="29" hits="6" branch="False" />
            <line number="30" hits="6" branch="False" />
          </lines>
        </class>
      </classes>
    </package>
    <package name="Numbers" line-rate="0.8571" branch-rate="0.75" complexity="4">
      <classes>
        <class name="System.Numbers.PrimeService" filename="Numbers/PrimeService.cs" line-rate="0.8571" branch-rate="0.75" complexity="4">
          <methods>
            <method name="IsPrime" signature="(System.Double,System.Double,System.Double,System.Double[])" line-rate="0.8571" branch-rate="0.75" complexity="4">
              <lines>
                <line number="6" hits="6" branch="False" />
                <line number="7" hits="7" branch="True" condition-coverage="100% (2/2)">
                  <conditions>
                    <condition number="45" type="jump" coverage="100%" />
                  </conditions>
                </line>
                <line number="8" hits="1" branch="False" />
                <line number="10" hits="6" branch="True" condition-coverage="50% (1/2)">
                  <conditions>
                    <condition number="128" type="jump" coverage="50%" />
                  </conditions>
                </line>
                <line number="11" hits="3" branch="False" />
                <line number="13" hits="0" branch="False" />
                <line number="14" hits="4" branch="False" />
              </lines>
            </method>
          </methods>
          <lines>
            <line number="6" hits="6" branch="False" />
            <line number="7" hits="7" branch="True" condition-coverage="100% (2/2)">
              <conditions>
                <condition number="45" type="jump" coverage="100%" />
              </conditions>
            </line>
            <line number="8" hits="1" branch="False" />
            <line number="10" hits="6" branch="True" condition-coverage="50% (1/2)">
              <conditions>
                <condition number="128" type="jump" coverage="50%" />
              </conditions>
            </line>
            <line number="11" hits="3" branch="False" />
            <line number="13" hits="0" branch="False" />
            <line number="14" hits="4" branch="False" />
          </lines>
        </class>
      </classes>
    </package>
  </packages>
</coverage>