<?xml version="1.0" encoding="utf-8"?>
<coverage line-rate="1" branch-rate="1" version="1.9" timestamp="1688307720" lines-covered="10" lines-valid="10" branches-covered="2" branches-valid="2">
  <sources>
    <source>/</source>
  </sources>
  <packages>
    <package name="spacebattle" line-rate="1" branch-rate="1" complexity="2">
      <classes>
        <class name="spacebattle.Move" filename="home/ubuntu/projects/OmSTU-AMCS-SummerPractice2023/spacebattle/spacebattleMove.cs" line-rate="1" branch-rate="1" complexity="2">
          <methods>
            <method name="Line" signature="(System.Double,System.Double,System.Double,System.Double,System.Double)" line-rate="1" branch-rate="1" complexity="2">
              <lines>
                <line number="5" hits="4" branch="False" />
                <line number="6" hits="4" branch="False" />
                <line number="7" hits="6" branch="True" condition-coverage="100% (2/2)">
                  <conditions>
                    <condition number="23" type="jump" coverage="100%" />
                  </conditions>
                </line>
                <line number="8" hits="2" branch="False" />
                <line number="10" hits="2" branch="False" />
                <line number="11" hits="2" branch="False" />
                <line number="12" hits="2" branch="False" />
                <line number="13" hits="2" branch="False" />
                <line number="14" hits="2" branch="False" />
                <line number="15" hits="2" branch="False" />
              </lines>
            </method>
          </methods>
          <lines>
            <line number="5" hits="4" branch="False" />
            <line number="6" hits="4" branch="False" />
            <line number="7" hits="6" branch="True" condition-coverage="100% (2/2)">
              <conditions>
                <condition number="23" type="jump" coverage="100%" />
              </conditions>
            </line>
            <line number="8" hits="2" branch="False" />
            <line number="10" hits="2" branch="False" />
            <line number="11" hits="2" branch="False" />
            <line number="12" hits="2" branch="False" />
            <line number="13" hits="2" branch="False" />
            <line number="14" hits="2" branch="False" />
            <line number="15" hits="2" branch="False" />
          </lines>
        </class>
      </classes>
    </package>
  </packages>
</coverage>